# JRE version: OpenJDK Runtime Environment (21.0.3) (build 21.0.3+-12282718-b509.11)
# Java VM: OpenJDK 64-Bit Server VM (21.0.3+-12282718-b509.11, mixed mode, tiered, compressed oops, compressed class ptrs, g1 gc, windows-amd64)
GC Precious Log:
 CardTable entry size: 512
 Card Set container configuration: InlinePtr #cards 5 size 8 Array Of Cards #cards 12 size 40 Howl #buckets 4 coarsen threshold 1843 Howl Bitmap #cards 512 size 80 coarsen threshold 460 Card regions per heap region 1 cards per card region 2048
 CPUs: 12 total, 12 available
 Memory: 7916M
 Large Page Support: Disabled
 NUMA Support: Disabled
 Compressed Oops: Enabled (32-bit)
 Heap Region Size: 1M
 Heap Min Capacity: 8M
 Heap Initial Capacity: 124M
 Heap Max Capacity: 2G
 Pre-touch: Disabled
 Parallel Workers: 10
 Concurrent Workers: 3
 Concurrent Refinement Workers: 10
 Periodic GC: Disabled
Heap:
 garbage-first heap   total 121856K, used 30349K [0x0000000080000000, 0x0000000100000000)
  region size 1024K, 7 young (7168K), 3 survivors (3072K)
 Metaspace       used 41566K, committed 42688K, reserved 1114112K
  class space    used 5687K, committed 6272K, reserved 1048576K
GC Heap History (18 events):
Event: 3.691 GC heap before
{Heap before GC invocations=0 (full 0):
 garbage-first heap   total 126976K, used 26624K [0x0000000080000000, 0x0000000100000000)
  region size 1024K, 23 young (23552K), 0 survivors (0K)
 Metaspace       used 8153K, committed 8320K, reserved 1114112K
  class space    used 741K, committed 832K, reserved 1048576K
}
Event: 3.700 GC heap after
{Heap after GC invocations=1 (full 0):
 garbage-first heap   total 126976K, used 10320K [0x0000000080000000, 0x0000000100000000)
  region size 1024K, 3 young (3072K), 3 survivors (3072K)
 Metaspace       used 8153K, committed 8320K, reserved 1114112K
  class space    used 741K, committed 832K, reserved 1048576K
}
Event: 4.868 GC heap before
{Heap before GC invocations=1 (full 0):
 garbage-first heap   total 126976K, used 38992K [0x0000000080000000, 0x0000000100000000)
  region size 1024K, 32 young (32768K), 3 survivors (3072K)
 Metaspace       used 12040K, committed 12224K, reserved 1114112K
  class space    used 1282K, committed 1408K, reserved 1048576K
}
Event: 4.877 GC heap after
{Heap after GC invocations=2 (full 0):
 garbage-first heap   total 126976K, used 11801K [0x0000000080000000, 0x0000000100000000)
  region size 1024K, 2 young (2048K), 2 survivors (2048K)
 Metaspace       used 12040K, committed 12224K, reserved 1114112K
  class space    used 1282K, committed 1408K, reserved 1048576K
}
Event: 7.707 GC heap before
{Heap before GC invocations=2 (full 0):
 garbage-first heap   total 126976K, used 79385K [0x0000000080000000, 0x0000000100000000)
  region size 1024K, 67 young (68608K), 2 survivors (2048K)
 Metaspace       used 21188K, committed 21504K, reserved 1114112K
  class space    used 2467K, committed 2624K, reserved 1048576K
}
Event: 7.719 GC heap after
{Heap after GC invocations=3 (full 0):
 garbage-first heap   total 126976K, used 20702K [0x0000000080000000, 0x0000000100000000)
  region size 1024K, 10 young (10240K), 10 survivors (10240K)
 Metaspace       used 21188K, committed 21504K, reserved 1114112K
  class space    used 2467K, committed 2624K, reserved 1048576K
}
Event: 14.221 GC heap before
{Heap before GC invocations=4 (full 0):
 garbage-first heap   total 75776K, used 73950K [0x0000000080000000, 0x0000000100000000)
  region size 1024K, 63 young (64512K), 10 survivors (10240K)
 Metaspace       used 30072K, committed 30656K, reserved 1114112K
  class space    used 3899K, committed 4160K, reserved 1048576K
}
Event: 14.726 GC heap after
{Heap after GC invocations=5 (full 0):
 garbage-first heap   total 89088K, used 24199K [0x0000000080000000, 0x0000000100000000)
  region size 1024K, 4 young (4096K), 4 survivors (4096K)
 Metaspace       used 30072K, committed 30656K, reserved 1114112K
  class space    used 3899K, committed 4160K, reserved 1048576K
}
Event: 34.062 GC heap before
{Heap before GC invocations=5 (full 0):
 garbage-first heap   total 89088K, used 60039K [0x0000000080000000, 0x0000000100000000)
  region size 1024K, 41 young (41984K), 4 survivors (4096K)
 Metaspace       used 35176K, committed 35968K, reserved 1114112K
  class space    used 4744K, committed 5120K, reserved 1048576K
}
Event: 34.651 GC heap after
{Heap after GC invocations=6 (full 0):
 garbage-first heap   total 89088K, used 26138K [0x0000000080000000, 0x0000000100000000)
  region size 1024K, 6 young (6144K), 6 survivors (6144K)
 Metaspace       used 35176K, committed 35968K, reserved 1114112K
  class space    used 4744K, committed 5120K, reserved 1048576K
}
Event: 35.459 GC heap before
{Heap before GC invocations=7 (full 0):
 garbage-first heap   total 89088K, used 27162K [0x0000000080000000, 0x0000000100000000)
  region size 1024K, 7 young (7168K), 6 survivors (6144K)
 Metaspace       used 35249K, committed 36032K, reserved 1114112K
  class space    used 4758K, committed 5120K, reserved 1048576K
}
Event: 35.476 GC heap after
{Heap after GC invocations=8 (full 0):
 garbage-first heap   total 89088K, used 26511K [0x0000000080000000, 0x0000000100000000)
  region size 1024K, 1 young (1024K), 1 survivors (1024K)
 Metaspace       used 35249K, committed 36032K, reserved 1114112K
  class space    used 4758K, committed 5120K, reserved 1048576K
}
Event: 40.709 GC heap before
{Heap before GC invocations=8 (full 0):
 garbage-first heap   total 89088K, used 32655K [0x0000000080000000, 0x0000000100000000)
  region size 1024K, 8 young (8192K), 1 survivors (1024K)
 Metaspace       used 36074K, committed 36992K, reserved 1114112K
  class space    used 4914K, committed 5376K, reserved 1048576K
}
Event: 40.923 GC heap after
{Heap after GC invocations=9 (full 0):
 garbage-first heap   total 89088K, used 26252K [0x0000000080000000, 0x0000000100000000)
  region size 1024K, 1 young (1024K), 1 survivors (1024K)
 Metaspace       used 36074K, committed 36992K, reserved 1114112K
  class space    used 4914K, committed 5376K, reserved 1048576K
}
Event: 42.063 GC heap before
{Heap before GC invocations=9 (full 0):
 garbage-first heap   total 89088K, used 29324K [0x0000000080000000, 0x0000000100000000)
  region size 1024K, 4 young (4096K), 1 survivors (1024K)
 Metaspace       used 36560K, committed 37504K, reserved 1114112K
  class space    used 4993K, committed 5440K, reserved 1048576K
}
Event: 42.366 GC heap after
{Heap after GC invocations=10 (full 0):
 garbage-first heap   total 121856K, used 26367K [0x0000000080000000, 0x0000000100000000)
  region size 1024K, 1 young (1024K), 1 survivors (1024K)
 Metaspace       used 36560K, committed 37504K, reserved 1114112K
  class space    used 4993K, committed 5440K, reserved 1048576K
}
Event: 43.589 GC heap before
{Heap before GC invocations=10 (full 0):
 garbage-first heap   total 121856K, used 29439K [0x0000000080000000, 0x0000000100000000)
  region size 1024K, 5 young (5120K), 1 survivors (1024K)
 Metaspace       used 37066K, committed 37952K, reserved 1114112K
  class space    used 5076K, committed 5504K, reserved 1048576K
}
Event: 43.670 GC heap after
{Heap after GC invocations=11 (full 0):
 garbage-first heap   total 121856K, used 26633K [0x0000000080000000, 0x0000000100000000)
  region size 1024K, 1 young (1024K), 1 survivors (1024K)
 Metaspace       used 37066K, committed 37952K, reserved 1114112K
  class space    used 5076K, committed 5504K, reserved 1048576K
}

